[2025-03-05T19:01:58.296+0000] {local_task_job_runner.py:123} INFO - ::group::Pre task execution logs
[2025-03-05T19:01:58.314+0000] {taskinstance.py:2613} INFO - Dependencies all met for dep_context=non-requeueable deps ti=<TaskInstance: breweries_etl_process.start scheduled__2025-03-01T00:00:00+00:00 [queued]>
[2025-03-05T19:01:58.329+0000] {taskinstance.py:2613} INFO - Dependencies all met for dep_context=requeueable deps ti=<TaskInstance: breweries_etl_process.start scheduled__2025-03-01T00:00:00+00:00 [queued]>
[2025-03-05T19:01:58.330+0000] {taskinstance.py:2866} INFO - Starting attempt 1 of 1
[2025-03-05T19:01:58.338+0000] {taskinstance.py:2889} INFO - Executing <Task(PythonOperator): start> on 2025-03-01 00:00:00+00:00
[2025-03-05T19:01:58.348+0000] {warnings.py:112} WARNING - /home/***/.local/lib/python3.12/site-packages/***/task/task_runner/standard_task_runner.py:70: DeprecationWarning: This process (pid=80) is multi-threaded, use of fork() may lead to deadlocks in the child.
  pid = os.fork()

[2025-03-05T19:01:58.353+0000] {standard_task_runner.py:72} INFO - Started process 84 to run task
[2025-03-05T19:01:58.351+0000] {standard_task_runner.py:104} INFO - Running: ['***', 'tasks', 'run', 'breweries_etl_process', 'start', 'scheduled__2025-03-01T00:00:00+00:00', '--job-id', '4', '--raw', '--subdir', 'DAGS_FOLDER/spark_***.py', '--cfg-path', '/tmp/tmph10fq8bs']
[2025-03-05T19:01:58.354+0000] {standard_task_runner.py:105} INFO - Job 4: Subtask start
[2025-03-05T19:01:58.418+0000] {task_command.py:467} INFO - Running <TaskInstance: breweries_etl_process.start scheduled__2025-03-01T00:00:00+00:00 [running]> on host 24fbc6742d77
[2025-03-05T19:01:58.491+0000] {taskinstance.py:3132} INFO - Exporting env vars: AIRFLOW_CTX_DAG_OWNER='***' AIRFLOW_CTX_DAG_ID='breweries_etl_process' AIRFLOW_CTX_TASK_ID='start' AIRFLOW_CTX_EXECUTION_DATE='2025-03-01T00:00:00+00:00' AIRFLOW_CTX_TRY_NUMBER='1' AIRFLOW_CTX_DAG_RUN_ID='scheduled__2025-03-01T00:00:00+00:00'
[2025-03-05T19:01:58.492+0000] {taskinstance.py:731} INFO - ::endgroup::
[2025-03-05T19:01:58.592+0000] {logging_mixin.py:190} INFO - Jobs Started
[2025-03-05T19:01:58.592+0000] {python.py:240} INFO - Done. Returned value was: None
[2025-03-05T19:01:58.602+0000] {taskinstance.py:340} INFO - ::group::Post task execution logs
[2025-03-05T19:01:58.603+0000] {taskinstance.py:352} INFO - Marking task as SUCCESS. dag_id=breweries_etl_process, task_id=start, run_id=scheduled__2025-03-01T00:00:00+00:00, execution_date=20250301T000000, start_date=20250305T190158, end_date=20250305T190158
[2025-03-05T19:01:58.620+0000] {local_task_job_runner.py:266} INFO - Task exited with return code 0
[2025-03-05T19:01:58.654+0000] {taskinstance.py:3895} INFO - 1 downstream tasks scheduled from follow-on schedule check
[2025-03-05T19:01:58.655+0000] {local_task_job_runner.py:245} INFO - ::endgroup::
