[2025-03-05T19:01:58.376+0000] {local_task_job_runner.py:123} INFO - ::group::Pre task execution logs
[2025-03-05T19:01:58.390+0000] {taskinstance.py:2613} INFO - Dependencies all met for dep_context=non-requeueable deps ti=<TaskInstance: breweries_etl_process.start scheduled__2025-03-02T00:00:00+00:00 [queued]>
[2025-03-05T19:01:58.398+0000] {taskinstance.py:2613} INFO - Dependencies all met for dep_context=requeueable deps ti=<TaskInstance: breweries_etl_process.start scheduled__2025-03-02T00:00:00+00:00 [queued]>
[2025-03-05T19:01:58.399+0000] {taskinstance.py:2866} INFO - Starting attempt 1 of 1
[2025-03-05T19:01:58.410+0000] {taskinstance.py:2889} INFO - Executing <Task(PythonOperator): start> on 2025-03-02 00:00:00+00:00
[2025-03-05T19:01:58.417+0000] {warnings.py:112} WARNING - /home/***/.local/lib/python3.12/site-packages/***/task/task_runner/standard_task_runner.py:70: DeprecationWarning: This process (pid=81) is multi-threaded, use of fork() may lead to deadlocks in the child.
  pid = os.fork()

[2025-03-05T19:01:58.419+0000] {standard_task_runner.py:104} INFO - Running: ['***', 'tasks', 'run', 'breweries_etl_process', 'start', 'scheduled__2025-03-02T00:00:00+00:00', '--job-id', '5', '--raw', '--subdir', 'DAGS_FOLDER/spark_***.py', '--cfg-path', '/tmp/tmpy9wihch5']
[2025-03-05T19:01:58.420+0000] {standard_task_runner.py:72} INFO - Started process 88 to run task
[2025-03-05T19:01:58.420+0000] {standard_task_runner.py:105} INFO - Job 5: Subtask start
[2025-03-05T19:01:58.474+0000] {task_command.py:467} INFO - Running <TaskInstance: breweries_etl_process.start scheduled__2025-03-02T00:00:00+00:00 [running]> on host 24fbc6742d77
[2025-03-05T19:01:58.579+0000] {taskinstance.py:3132} INFO - Exporting env vars: AIRFLOW_CTX_DAG_OWNER='***' AIRFLOW_CTX_DAG_ID='breweries_etl_process' AIRFLOW_CTX_TASK_ID='start' AIRFLOW_CTX_EXECUTION_DATE='2025-03-02T00:00:00+00:00' AIRFLOW_CTX_TRY_NUMBER='1' AIRFLOW_CTX_DAG_RUN_ID='scheduled__2025-03-02T00:00:00+00:00'
[2025-03-05T19:01:58.580+0000] {taskinstance.py:731} INFO - ::endgroup::
[2025-03-05T19:01:58.608+0000] {logging_mixin.py:190} INFO - Jobs Started
[2025-03-05T19:01:58.611+0000] {python.py:240} INFO - Done. Returned value was: None
[2025-03-05T19:01:58.638+0000] {taskinstance.py:340} INFO - ::group::Post task execution logs
[2025-03-05T19:01:58.642+0000] {taskinstance.py:352} INFO - Marking task as SUCCESS. dag_id=breweries_etl_process, task_id=start, run_id=scheduled__2025-03-02T00:00:00+00:00, execution_date=20250302T000000, start_date=20250305T190158, end_date=20250305T190158
[2025-03-05T19:01:58.686+0000] {local_task_job_runner.py:266} INFO - Task exited with return code 0
[2025-03-05T19:01:58.716+0000] {taskinstance.py:3895} INFO - 1 downstream tasks scheduled from follow-on schedule check
[2025-03-05T19:01:58.718+0000] {local_task_job_runner.py:245} INFO - ::endgroup::
