[2025-03-05T19:03:13.602+0000] {local_task_job_runner.py:123} INFO - ::group::Pre task execution logs
[2025-03-05T19:03:13.613+0000] {taskinstance.py:2613} INFO - Dependencies all met for dep_context=non-requeueable deps ti=<TaskInstance: breweries_etl_process.end scheduled__2025-03-04T00:00:00+00:00 [queued]>
[2025-03-05T19:03:13.617+0000] {taskinstance.py:2613} INFO - Dependencies all met for dep_context=requeueable deps ti=<TaskInstance: breweries_etl_process.end scheduled__2025-03-04T00:00:00+00:00 [queued]>
[2025-03-05T19:03:13.617+0000] {taskinstance.py:2866} INFO - Starting attempt 1 of 1
[2025-03-05T19:03:13.622+0000] {taskinstance.py:2889} INFO - Executing <Task(PythonOperator): end> on 2025-03-04 00:00:00+00:00
[2025-03-05T19:03:13.626+0000] {warnings.py:112} WARNING - /home/***/.local/lib/python3.12/site-packages/***/task/task_runner/standard_task_runner.py:70: DeprecationWarning: This process (pid=1420) is multi-threaded, use of fork() may lead to deadlocks in the child.
  pid = os.fork()

[2025-03-05T19:03:13.628+0000] {standard_task_runner.py:104} INFO - Running: ['***', 'tasks', 'run', 'breweries_etl_process', 'end', 'scheduled__2025-03-04T00:00:00+00:00', '--job-id', '16', '--raw', '--subdir', 'DAGS_FOLDER/spark_***.py', '--cfg-path', '/tmp/tmpkviq4ilc']
[2025-03-05T19:03:13.630+0000] {standard_task_runner.py:105} INFO - Job 16: Subtask end
[2025-03-05T19:03:13.629+0000] {standard_task_runner.py:72} INFO - Started process 1421 to run task
[2025-03-05T19:03:13.658+0000] {task_command.py:467} INFO - Running <TaskInstance: breweries_etl_process.end scheduled__2025-03-04T00:00:00+00:00 [running]> on host 24fbc6742d77
[2025-03-05T19:03:13.692+0000] {taskinstance.py:3132} INFO - Exporting env vars: AIRFLOW_CTX_DAG_OWNER='***' AIRFLOW_CTX_DAG_ID='breweries_etl_process' AIRFLOW_CTX_TASK_ID='end' AIRFLOW_CTX_EXECUTION_DATE='2025-03-04T00:00:00+00:00' AIRFLOW_CTX_TRY_NUMBER='1' AIRFLOW_CTX_DAG_RUN_ID='scheduled__2025-03-04T00:00:00+00:00'
[2025-03-05T19:03:13.692+0000] {taskinstance.py:731} INFO - ::endgroup::
[2025-03-05T19:03:13.704+0000] {logging_mixin.py:190} INFO - Jobs Completed successfully
[2025-03-05T19:03:13.704+0000] {python.py:240} INFO - Done. Returned value was: None
[2025-03-05T19:03:13.709+0000] {taskinstance.py:340} INFO - ::group::Post task execution logs
[2025-03-05T19:03:13.710+0000] {taskinstance.py:352} INFO - Marking task as SUCCESS. dag_id=breweries_etl_process, task_id=end, run_id=scheduled__2025-03-04T00:00:00+00:00, execution_date=20250304T000000, start_date=20250305T190313, end_date=20250305T190313
[2025-03-05T19:03:13.731+0000] {local_task_job_runner.py:266} INFO - Task exited with return code 0
[2025-03-05T19:03:13.755+0000] {taskinstance.py:3895} INFO - 0 downstream tasks scheduled from follow-on schedule check
[2025-03-05T19:03:13.756+0000] {local_task_job_runner.py:245} INFO - ::endgroup::
