[2025-03-05T19:01:58.295+0000] {local_task_job_runner.py:123} INFO - ::group::Pre task execution logs
[2025-03-05T19:01:58.316+0000] {taskinstance.py:2613} INFO - Dependencies all met for dep_context=non-requeueable deps ti=<TaskInstance: breweries_etl_process.start manual__2025-03-05T19:01:57.114824+00:00 [queued]>
[2025-03-05T19:01:58.331+0000] {taskinstance.py:2613} INFO - Dependencies all met for dep_context=requeueable deps ti=<TaskInstance: breweries_etl_process.start manual__2025-03-05T19:01:57.114824+00:00 [queued]>
[2025-03-05T19:01:58.334+0000] {taskinstance.py:2866} INFO - Starting attempt 1 of 1
[2025-03-05T19:01:58.350+0000] {taskinstance.py:2889} INFO - Executing <Task(PythonOperator): start> on 2025-03-05 19:01:57.114824+00:00
[2025-03-05T19:01:58.363+0000] {warnings.py:112} WARNING - /home/***/.local/lib/python3.12/site-packages/***/task/task_runner/standard_task_runner.py:70: DeprecationWarning: This process (pid=79) is multi-threaded, use of fork() may lead to deadlocks in the child.
  pid = os.fork()

[2025-03-05T19:01:58.364+0000] {standard_task_runner.py:104} INFO - Running: ['***', 'tasks', 'run', 'breweries_etl_process', 'start', 'manual__2025-03-05T19:01:57.114824+00:00', '--job-id', '3', '--raw', '--subdir', 'DAGS_FOLDER/spark_***.py', '--cfg-path', '/tmp/tmppkynt8__']
[2025-03-05T19:01:58.366+0000] {standard_task_runner.py:72} INFO - Started process 86 to run task
[2025-03-05T19:01:58.366+0000] {standard_task_runner.py:105} INFO - Job 3: Subtask start
[2025-03-05T19:01:58.424+0000] {task_command.py:467} INFO - Running <TaskInstance: breweries_etl_process.start manual__2025-03-05T19:01:57.114824+00:00 [running]> on host 24fbc6742d77
[2025-03-05T19:01:58.500+0000] {taskinstance.py:3132} INFO - Exporting env vars: AIRFLOW_CTX_DAG_OWNER='***' AIRFLOW_CTX_DAG_ID='breweries_etl_process' AIRFLOW_CTX_TASK_ID='start' AIRFLOW_CTX_EXECUTION_DATE='2025-03-05T19:01:57.114824+00:00' AIRFLOW_CTX_TRY_NUMBER='1' AIRFLOW_CTX_DAG_RUN_ID='manual__2025-03-05T19:01:57.114824+00:00'
[2025-03-05T19:01:58.503+0000] {taskinstance.py:731} INFO - ::endgroup::
[2025-03-05T19:01:58.594+0000] {logging_mixin.py:190} INFO - Jobs Started
[2025-03-05T19:01:58.595+0000] {python.py:240} INFO - Done. Returned value was: None
[2025-03-05T19:01:58.618+0000] {taskinstance.py:340} INFO - ::group::Post task execution logs
[2025-03-05T19:01:58.623+0000] {taskinstance.py:352} INFO - Marking task as SUCCESS. dag_id=breweries_etl_process, task_id=start, run_id=manual__2025-03-05T19:01:57.114824+00:00, execution_date=20250305T190157, start_date=20250305T190158, end_date=20250305T190158
[2025-03-05T19:01:58.674+0000] {local_task_job_runner.py:266} INFO - Task exited with return code 0
[2025-03-05T19:01:58.704+0000] {taskinstance.py:3895} INFO - 1 downstream tasks scheduled from follow-on schedule check
[2025-03-05T19:01:58.705+0000] {local_task_job_runner.py:245} INFO - ::endgroup::
